         w __deregister_frame_info
         w __register_frame_info
         w _ITM_deregisterTMCloneTable
         w _ITM_registerTMCloneTable
         w _Jv_RegisterClasses
00000000 b .LANCHOR1
00000000 b _TLS_MODULE_BASE_
00000000 a shift
00000000 a shift
00000000 00002000 b tmp_buffer.7872
00001ff8 b .LANCHOR2
00002000 00000401 b __fixedpath
00002404 00000802 b __utf16path
00002c08 00000802 b __utf16path_old.7943
00100000 a __start__
00100000 T _start
00100008 T __service_ptr
0010000c T __apt_appid
00100010 T __heap_size
00100014 T __linear_heap_size
00100018 T __system_arglist
0010001c T __system_runflags
00100020 t startup
00100058 t ClearMem
0010006c t ClrLoop
00100094 T _init
001000ac T initSystem
001000f0 T __ctru_exit
00100110 t .udivsi3_skip_div0_test
00100110 T __aeabi_uidiv
00100110 000001ec T __udivsi3
001002fc 00000020 T __aeabi_uidivmod
0010031c T __aeabi_idiv
0010031c 00000220 T __divsi3
00100324 t .divsi3_skip_div0_test
0010053c 00000020 T __aeabi_idivmod
0010055c 00000004 W __aeabi_idiv0
0010055c 00000004 W __aeabi_ldiv0
00100560 T __aeabi_drsub
00100568 000002b0 T __aeabi_dsub
00100568 000002b0 T __subdf3
0010056c 000002ac T __adddf3
0010056c 000002ac T __aeabi_dadd
00100818 00000024 T __aeabi_ui2d
00100818 00000024 T __floatunsidf
0010083c 00000028 T __aeabi_i2d
0010083c 00000028 T __floatsidf
00100864 00000040 T __aeabi_f2d
00100864 00000040 T __extendsfdf2
001008a4 00000074 T __aeabi_ul2d
001008a4 00000074 T __floatundidf
001008b8 00000060 T __aeabi_l2d
001008b8 00000060 T __floatdidf
00100918 T __aeabi_uldivmod
00100968 00000390 T strcmp
00100cf0 t deregister_tm_clones
00100d20 t register_tm_clones
00100d58 t __do_global_dtors_aux
00100d9c t frame_dummy
00100df8 0000005c T getRegion
00100e58 000003d8 T main
00101230 0000008c t gfxSetFramebufferInfo.part.0
001012bc 00000018 T __get_bytes_per_pixel
001012d4 00000174 T gfxSetScreenFormat
00101448 00000014 T gfxSetDoubleBuffering
0010145c 00000070 T gfxSetFramebufferInfo
001014cc 00000088 T gfxWriteFramebufferInfo
00101554 000001fc T gfxInit
00101750 00000010 T gfxInitDefault
00101760 000000e0 T gfxExit
00101840 000000b0 T gfxGetFramebuffer
001018f0 000000c8 T gfxFlushBuffers
001019b8 00000070 T gfxConfigScreen
00101a28 00000020 T gfxSwapBuffers
00101a48 00000020 T gfxSwapBuffersGpu
00101a68 000000e0 t __read_versionbin.constprop.0
00101b48 00000110 T osGetSystemVersionData
00101c58 0000001c T debug_write
00101c74 00000018 T consoleSelect
00101c8c 000001b0 T consoleDrawChar
00101e3c 00000124 T consolePrintChar
00101f60 00000190 t consoleCls
001020f0 000000f8 T consoleInit
001021e8 00000144 t consoleClearLine
0010232c 000000bc t newRow
001023e8 0000079c T con_write
00102b84 000000c0 t romfs_seek
00102c44 00000028 t romfs_dirreset
00102c6c 00000008 t romfs_dirclose
00102c74 00000078 t romfs_fstat
00102cec 0000005c t _romfs_read_chk
00102d48 000000d0 t romfs_read
00102e18 00000084 t romfs_free
00102e9c 0000016c t romfsMountCommon
00103008 00000248 t romfs_dirnext
00103250 000000c0 t searchForFile.constprop.7
00103310 000000bc t searchForDir.constprop.8
001033cc 000001c4 t navigateToDir.constprop.6
00103590 00000128 t romfs_open
001036b8 000001fc t romfs_stat
001038b4 00000054 t romfs_chdir
00103908 00000078 t romfs_diropen
00103980 00000008 t romfs_close
00103988 00000068 T romfsMountFromFile
001039f0 00000078 T romfsUnmount
00103a68 00000028 t fsSessionForArchive.part.0
00103a90 000000c8 T fsInit
00103b58 00000038 T fsExit
00103b90 000000a0 T fsExemptFromSession
00103c30 00000054 T fsUnexemptFromSession
00103c84 000000bc T FSUSER_OpenFile
00103d40 000000d4 T FSUSER_OpenFileDirectly
00103e14 000000a4 T FSUSER_DeleteFile
00103eb8 000000e0 T FSUSER_RenameFile
00103f98 000000a4 T FSUSER_DeleteDirectory
0010403c 000000bc T FSUSER_CreateFile
001040f8 000000ac T FSUSER_CreateDirectory
001041a4 000000e0 T FSUSER_RenameDirectory
00104284 000000a4 T FSUSER_OpenDirectory
00104328 00000098 T FSUSER_OpenArchive
001043c0 00000074 T FSUSER_CloseArchive
00104434 00000078 T FSUSER_GetSdmcArchiveResource
001044ac 00000064 T FSUSER_IsSdmcWritable
00104510 0000007c T FSUSER_GetArchiveResource
0010458c 0000005c T FSFILE_Read
001045e8 00000064 T FSFILE_Write
0010464c 0000003c T FSFILE_GetSize
00104688 0000002c T FSFILE_SetSize
001046b4 0000003c T FSFILE_Close
001046f0 00000024 T FSFILE_Flush
00104714 00000054 T FSDIR_Read
00104768 0000003c T FSDIR_Close
001047a4 000000d0 T hidExit
00104874 00000234 T hidScanInput
00104aa8 00000010 T hidKeysDown
00104ab8 00000090 T HIDUSER_GetHandles
00104b48 0000018c T hidInit
00104cd4 00000004 W _aptDebug
00104cd8 00000130 T aptSendCommand
00104e08 0000003c t aptExitProcess
00104e44 00000014 T aptSetMessageCallback
00104e58 0000004c T APT_InquireNotification
00104ea4 0000019c t aptEventHandler
00105040 00000074 T APT_AppletUtility
001050b4 000000b4 T aptSetSleepAllowed
00105168 000000b4 T APT_GlanceParameter
0010521c 000000c0 T APT_ReceiveParameter
001052dc 000000a8 t aptReceiveParameter.constprop.1
00105388 000001ec t aptScreenTransfer
00105574 00000228 t aptWaitForWakeUp
0010579c 00000058 T APT_SendParameter
001057f4 00000070 T APT_CancelParameter
00105864 00000230 T aptInit
00105a94 0000008c t aptClearParamQueue
00105b20 00000214 T aptMainLoop
00105d34 00000148 T aptExit
00105e7c 000000dc T aptLaunchLibraryApplet
00105f58 00000070 T APT_CheckNew3DS
00105fc8 000000a0 T amInit
00106068 00000034 T amExit
0010609c 00000048 T AM_GetTitleCount
001060e4 00000160 t gspEventThreadMain
00106244 00000074 T gspInit
001062b8 0000003c T gspExit
001062f4 00000088 T gspInitEventHandler
0010637c 00000030 T gspExitEventHandler
001063ac 00000044 T gspWaitForEvent
001063f0 0000006c T GSPGPU_SetBufferSwap
0010645c 0000004c T GSPGPU_FlushDataCache
001064a8 00000034 T GSPGPU_SetLcdForceBlack
001064dc 00000064 T GSPGPU_RegisterInterruptRelayQueue
00106540 0000002c T GSPGPU_UnregisterInterruptRelayQueue
0010656c 00000048 T GSPGPU_AcquireRight
001065b4 0000002c T GSPGPU_ReleaseRight
001065e0 00000080 T GSPGPU_ImportDisplayCaptureInfo
00106660 0000002c T GSPGPU_SaveVramSysArea
0010668c 0000002c T GSPGPU_RestoreVramSysArea
001066b8 000000a0 T cfguInit
00106758 00000034 T cfguExit
0010678c 00000038 T CFGU_SecureInfoGetRegion
001067c4 00000038 T CFGU_GetSystemModel
001067fc 000000b0 T irrstScanInput
001068ac 0000001c T irrstKeysHeld
001068c8 00000050 T IRRST_GetHandles
00106918 00000150 T irrstInit
00106a68 0000002c T IRRST_Shutdown
00106a94 000000ac T irrstExit
00106b40 00000024 t swkbdConvertToUTF16.part.0
00106b64 0000016c t swkbdMessageCallback
00106cd0 00000078 T swkbdInit
00106d48 0000002c T swkbdSetHintText
00106d74 00000378 T swkbdInputText
001070ec 000000c0 T utf8_to_utf16
001071ac 00000138 T decode_utf8
001072e4 000000e8 T utf16_to_utf8
001073cc 00000104 T encode_utf8
001074d0 00000068 T encode_utf16
00107538 000000e8 T __system_initArgv
00107620 00000038 W __libctru_init
00107658 T svcControlMemory
00107678 T svcExitProcess
00107680 T svcCreateThread
001076a0 T svcExitThread
001076a8 T svcSleepThread
001076b0 T svcReleaseMutex
001076b8 T svcCreateEvent
001076cc T svcSignalEvent
001076d4 T svcClearEvent
001076dc T svcCreateMemoryBlock
001076f4 T svcMapMemoryBlock
001076fc T svcUnmapMemoryBlock
00107704 T svcCreateAddressArbiter
00107718 T svcArbitrateAddress
00107730 T svcCloseHandle
00107738 T svcWaitSynchronization
00107740 T svcWaitSynchronizationN
00107768 T svcDuplicateHandle
0010777c T svcGetSystemTick
00107784 T svcGetSystemInfo
0010779c T svcConnectToPort
001077b0 T svcSendSyncRequest
001077b8 T svcBreak
001077c0 T svcOutputDebugString
001077c8 00000024 t addrMapNodeComparator(rbtree_node const*, rbtree_node const*)
001077ec 00000004 t addrMapNodeDestructor(rbtree_node*)
001077f0 0000013c T linearMemAlign
0010792c 00000008 T linearAlloc
00107934 00000050 T linearFree
00107984 00000024 t addrMapNodeComparator(rbtree_node const*, rbtree_node const*)
001079a8 00000004 t addrMapNodeDestructor(rbtree_node*)
001079ac 000000f4 T mappableAlloc
00107aa0 00000050 T mappableFree
00107af0 00000024 t addrMapNodeComparator(rbtree_node const*, rbtree_node const*)
00107b14 00000004 t addrMapNodeDestructor(rbtree_node*)
00107b18 0000012c T vramMemAlign
00107c44 00000008 T vramAlloc
00107c4c 00000050 T vramFree
00107c9c 000001bc T threadCreate
00107e58 00000024 T threadJoin
00107e7c 00000070 T threadExit
00107eec 00000040 t _thread_begin
00107f2c 00000050 T srvExit
00107f7c 00000038 T srvRegisterClient
00107fb4 00000078 T srvInit
0010802c 00000068 T srvGetServiceHandleDirect
00108094 00000038 T srvGetServiceHandle
001080cc 00000058 t getSysTime
00108124 00000024 T osGetMemRegionUsed
00108148 000000f4 T __libctru_gtod
0010823c 00000034 T __ctru_speedup_config
00108270 00000084 T envGetHandle
001082f4 0000004c T envDestroyHandles
00108340 00000034 t LightLock_Unlock.part.1
00108374 0000000c T __sync_init
00108380 00000018 T __sync_fini
00108398 00000010 T __sync_get_arbiter
001083a8 00000018 T LightLock_Init
001083c0 000000a0 T LightLock_Lock
00108460 00000034 T LightLock_TryLock
00108494 00000020 T LightLock_Unlock
001084b4 00000024 T RecursiveLock_Init
001084d8 00000030 T RecursiveLock_Lock
00108508 00000058 T RecursiveLock_TryLock
00108560 00000038 T RecursiveLock_Unlock
00108598 00000038 T LightEvent_Init
001085d0 0000007c T LightEvent_Clear
0010864c 000000dc T LightEvent_Signal
00108728 000000d0 T LightEvent_Wait
001087f8 00000070 T ptmSysmInit
00108868 00000034 T ptmSysmExit
0010889c 00000034 T PTMSYSM_ConfigureNew3DSCPU
001088d0 00000070 T rbtree_find
00108940 00000324 T rbtree_remove
00108c64 00000074 T rbtree_node_next
00108cd8 00000094 T rbtree_rotate
00108d6c 0000018c t do_insert
00108ef8 00000008 T rbtree_insert
00108f00 00000014 T rbtree_init
00108f14 00000060 T decode_utf16
00108f74 000000a4 W __libctru_exit
00109018 0000001c W __appExit
00109034 00000058 t osGetMemRegionSize
0010908c 00000104 W __system_allocateHeaps
00109190 00000030 t __ctru_get_reent
001091c0 000000e4 T __system_initSyscalls
001092a4 0000001c W __appInit
001092c0 00000098 T MemPool::CoalesceRight(MemBlock*)
00109358 00000178 T MemPool::Allocate(MemChunk&, unsigned long, int)
001094d0 00000100 T MemPool::Deallocate(MemChunk const&)
001095d0 00000010 t sdmc_link
001095e0 00000010 t sdmc_dirreset
001095f0 00000010 t sdmc_fchmod
00109600 00000024 t error_cmp
00109624 00000050 t sdmc_translate_error
00109674 00000034 t sdmc_fsync
001096a8 00000054 t sdmc_ftruncate
001096fc 000000b8 t sdmc_statvfs
001097b4 00000038 t sdmc_dirclose
001097ec 00000138 t sdmc_dirnext
00109924 00000034 t sdmc_close
00109958 00000074 t sdmc_fstat
001099cc 000000d8 t sdmc_seek
00109aa4 00000084 t sdmc_read
00109b28 00000110 t sdmc_write_safe
00109c38 000001b4 t sdmc_utf16path
00109dec 00000074 t sdmc_rmdir
00109e60 000000a4 t sdmc_diropen
00109f04 000000a0 t sdmc_chdir
00109fa4 00000098 t sdmc_mkdir
0010a03c 00000108 t sdmc_rename
0010a144 00000074 t sdmc_unlink
0010a1b8 00000108 t sdmc_stat
0010a2c0 00000188 t sdmc_open
0010a448 00000010 t sdmc_chmod
0010a458 0000015c T sdmcInit
0010a5b4 00000058 T sdmcExit
0010a60c T __aeabi_read_tp
0010a618 00000128 T __udivmoddi4
0010a740 00000074 T bsearch
0010a7b4 00000020 T calloc
0010a7d4 00000090 T _calloc_r
0010a864 0000000c T __errno
0010a870 00000154 T _fclose_r
0010a9c4 00000018 T fclose
0010a9dc 00000254 T __sflush_r
0010ac30 00000094 T _fflush_r
0010acc4 00000038 T fflush
0010acfc 0000000c T _cleanup_r
0010ad08 00000080 t std.isra.0
0010ad88 00000048 T __sfmoreglue
0010add0 0000008c T __sinit
0010ae5c 00000118 T __sfp
0010af74 0000000c T __sfp_lock_acquire
0010af80 0000000c T __sfp_lock_release
0010af8c 00000040 T __libc_fini_array
0010afcc 00000148 T _fopen_r
0010b114 00000020 T fopen
0010b134 000002d4 T _fread_r
0010b408 00000038 T fread
0010b440 000000f8 T _malloc_trim_r
0010b538 000002e4 T _free_r
0010b81c 00000004 T _fseek_r
0010b820 000005d4 T _fseeko_r
0010bdf4 00000078 T _fwalk
0010be6c 00000080 T _fwalk_reent
0010beec 00000078 T __libc_init_array
0010bf64 00000094 T __swhatbuf_r
0010bff8 000000f4 T __smakebuf_r
0010c0ec 00000020 T memalign
0010c10c 00000158 T _memalign_r
0010c264 00000018 T malloc
0010c27c 00000018 T free
0010c294 0000078c T _malloc_r
0010ca20 00000104 T memchr
0010cb24 000000e8 T memcmp
0010cc0c 00000114 T memcpy
0010cd20 00000110 T memset
0010ce30 0000000c T __malloc_lock
0010ce3c 0000000c T __malloc_unlock
0010ce48 00000038 T printf
0010ce80 0000001c t lflush
0010ce9c 000001b4 T __srefill_r
0010d050 00000258 T setvbuf
0010d2a8 000000e0 T snprintf
0010d388 00000074 T sscanf
0010d3fc 0000003c T __sread
0010d438 00000008 T __seofread
0010d440 00000064 T __swrite
0010d4a4 0000004c T __sseek
0010d4f0 00000008 T __sclose
0010d4f8 000001ac T strchr
0010d6a4 0000005c T strlen
0010d700 0000009c T strncat
0010d79c 00000108 T strncmp
0010d8a4 000000d8 T strncpy
0010d97c 00001624 t get_arg
0010efa0 000041c4 T _svfprintf_r
00113164 0000290c T __ssvfscanf_r
00115a70 0000001c t __sprint_r.part.0
00115a8c 0000001c T __sprint_r
00115aa8 00001624 t get_arg
001170d0 00004314 T _vfprintf_r
0011b3e4 000000cc t __sbprintf
0011b4b0 000000a0 T _wcrtomb_r
0011b550 00000020 T _wcsrtombs_r
0011b570 00000144 T __swsetup_r
0011b6b4 000001d0 t quorem
0011b888 00001260 T _dtoa_r
0011cae8 000000b0 T __sflags
0011cb98 000004ac T __sfvwrite_r
0011d044 00000074 T iswspace
0011d0b8 00000204 t __jp2uc
0011d2bc 000000c8 T _jp2uc
0011d384 00000008 T __localeconv_l
0011d38c 00000024 T _localeconv_r
0011d3b0 00000024 T __locale_mb_cur_max
0011d3d4 00000008 T __locale_ctype_ptr_l
0011d3dc 00000024 T __locale_ctype_ptr
0011d400 000000b4 T _mbrtowc_r
0011d4b4 00000300 T __utf8_mbtowc
0011d7b4 00000148 T memmove
0011d8fc 00000088 T _Balloc
0011d984 0000001c T _Bfree
0011d9a0 000000d8 T __multadd
0011da78 000000f0 T __s2b
0011db68 00000058 T __hi0bits
0011dbc0 0000009c T __lo0bits
0011dc5c 00000020 T __i2b
0011dc7c 000001cc T __multiply
0011de48 00000100 T __pow5mult
0011df48 000000e4 T __lshift
0011e02c 00000060 T __mcmp
0011e08c 00000198 T __mdiff
0011e224 00000078 T __ulp
0011e29c 000000d4 T __b2d
0011e370 00000108 T __d2b
0011e478 0000007c T __ratio
0011e4f4 0000006c T __copybits
0011e560 00000080 T __any_on
0011e5e0 000004cc T _realloc_r
0011eaac 000000cc T __sccl
0011eb78 0000000c T nanf
0011eb88 0000009c T frexp
0011ec24 00000068 T sprintf
0011ec8c 00000100 T stpncpy
0011ed8c 00000054 t sulp
0011ede0 00001434 T _strtod_l
00120214 0000003c T _strtod_r
00120250 000002dc t _strtoll_l.isra.0
0012052c 00000050 T _strtoll_r
0012057c 00000220 t _strtol_l.isra.0
0012079c 00000050 T _strtol_r
001207f0 00000268 t _strtoull_l.isra.0
00120a58 00000050 T _strtoull_r
00120aa8 000001e4 t _strtoul_l.isra.0
00120c8c 00000050 T _strtoul_r
00120cdc 00000188 T __ssprint_r
00120e64 000000e8 T _sungetc_r
00120f4c 0000006c T __ssrefill_r
00120fb8 000000d0 T _sfread_r
00121088 000000a8 T __submore
00121130 00000174 T _wcsnrtombs_l
001212a4 00000064 T _wcsnrtombs_r
00121308 000000e8 T __utf8_wctomb
001213f0 000000f0 t rshift
001214e0 000007f4 T __gethex
00121cd4 00000064 T __match
00121d38 00000264 T __hexnan
00121f9c 00000008 t null_write
00121fa4 00000018 T setDefaultDevice
00121fbc 000000cc T FindDevice
00122088 00000028 T RemoveDevice
001220b0 00000098 T AddDevice
00122148 00000084 T _close_r
001221cc 0000007c T _fstat_r
00122248 00000008 T _isatty_r
00122250 00000090 T _lseek_r
001222e0 000000c0 T _open_r
001223a0 00000088 T _read_r
00122428 00000070 T _sbrk_r
00122498 00000088 T _write_r
00122520 000001d4 T _concatenate_path
001226f4 0000015c T chdir
00122850 00000008 T __flockfile
00122858 00000008 T __funlockfile
00122860 00000018 T __libc_lock_acquire
00122878 00000018 T __libc_lock_release
00122890 00000018 T __libc_lock_init_recursive
001228a8 00000018 T __libc_lock_acquire_recursive
001228c0 00000018 T __libc_lock_release_recursive
001228d8 00000018 T __libc_lock_close_recursive
001228f0 0000004c T __free_handle
0012293c 00000040 T __release_handle
0012297c 000000b4 T __alloc_handle
00122a30 00000018 T __get_handle
00122a48 00000028 T __getreent
00122a70 0000005c T strnlen
00122acc 00000044 T strrchr
00122b10 T _fini
00123020 00000014 r CSWTCH.26
00123034 00000008 r framebufferInfoSt
0012303c 0000001c r __NVer_tidlow_regionarray
00123058 0000001c r __CVer_tidlow_regionarray
00123074 00000068 r dotab_3dmoo
001230dc 00000068 r dotab_stdout
00123144 00000068 r dotab_null
001231ac 00000030 r colorTable
001231dc 0000000c r serviceNameTable.7434
001231e8 R default_font_bin
001239e8 R default_font_bin_end
001239e8 R default_font_bin_size
001239ec 00000030 r error_table
001240bc 00000004 R _global_impure_ptr
00124100 r .LC2
00124104 00000010 r blanks.8400
00124114 00000010 r zeroes.8401
0012412c 00000022 r basefix.8441
00124150 00000010 r blanks.8415
00124160 00000010 r zeroes.8416
00124194 000000bc r a1
00124250 000000bc r a2
0012430c 0000005b r a3
00124368 00000070 r a6
001243d8 000000a2 r a7
0012447c 00000040 r a8
001244bc 0000172a r b02cf
00125be8 00001a7c r d02f4
001276a8 00000028 R __mprec_bigtens
001276d0 000000c8 R __mprec_tens
00127798 0000000c r p05.7191
001277b4 00000014 r fpi.7277
001277c8 00000014 r fpinan.7313
001277e0 00000028 r tinytens
00127808 0000006c R __action_table
00127874 00000100 R __chclass
00127974 0000006c R __state_table
001279e0 00000101 R _ctype_
00127ae4 00000100 R __hexdig
00127bec 00000068 R dotab_stdnull
00127c54 00000003 R DIRECTORY_PARENT
00127c58 r __EH_FRAME_BEGIN__
00127c58 R __exidx_end
00127c58 R __exidx_start
00128000 00000004 D asciiart
00128004 00000078 D specs
0012807c 00000001 d topFormat
0012807d 00000001 d botFormat
00128080 00000008 d doubleBuf
00128088 0000004c D defaultConsole
001280d4 00000004 D currentConsole
001280d8 00000001 d firstConsoleInit.7754
001280dc 00000068 d romFS_devoptab
00128144 00000004 d aptFlags
00128148 00000004 d gspLastEvent
0012814c W __stacksize__
00128150 00000004 V __ctru_linear_heap_size
00128154 00000401 d __cwd
00128558 00000068 d sdmc_devoptab
001285c0 0000000c d __sfp_lock
001285cc 0000000c d __sinit_lock
001285d8 00000004 D _impure_ptr
001285e0 00000460 d impure_data
00128a40 00000408 D __malloc_av_
00128e48 00000004 D __malloc_sbrk_base
00128e4c 00000004 D __malloc_trim_threshold
00128e50 0000000c d __malloc_lock_object
00128e5c 0000016c D __global_locale
00128fc8 00000004 d defaultDevice
00128fcc 00000040 D devoptab_list
0012900c 00001000 d _current_working_directory
0012a00c 00000004 d __hndl_lock
0012a010 0000000c d __stderr_handle
0012a01c 0000000c d __stdin_handle
0012a028 0000000c d __stdout_handle
0012a034 00001000 d handles
0012b034 t __frame_dummy_init_array_entry
0012b034 T __init_array_start
0012b034 d __JCR_LIST__
0012b034 B __preinit_array_end
0012b034 B __preinit_array_start
0012b034 D __tdata_lma
0012b034 D __tdata_lma_end
0012b034 D __TMC_END__
0012b034 d __TMC_LIST__
0012b038 t __do_global_dtors_aux_fini_array_entry
0012b038 T __fini_array_start
0012b038 T __init_array_end
0012b03c T __bss_start__
0012b03c T __fini_array_end
0012b03c 00000400 b swkbd.12975
0012b43c 00000015 b mybuf.12976
0012b454 00000001 b enable3d
0012b458 00000004 b screenAlloc
0012b45c 00000004 b screenFree
0012b460 00000002 b currentBuffer
0012b464 00000004 b romfs_mount_list
0012b468 00000802 b __utf16path
0012bc6c 00000401 b __component
0012c070 00000004 V __romfs_path
0012c078 00000004 b fsuHandle
0012c07c 00000004 b fsuRefCount
0012c080 00000080 b fsExemptArchives
0012c100 00000004 b hidRefCount
0012c104 00000004 b kOld
0012c108 00000004 b kHeld
0012c10c 00000004 b cPos
0012c110 00000004 b tPos
0012c114 00000006 b aVec
0012c11c 00000006 b gRate
0012c124 00000004 b kDown
0012c128 00000004 b kUp
0012c12c 00000004 b aptLockHandle
0012c130 00000004 b serviceName.7433
0012c134 0000000c b aptFirstHook
0012c140 00000004 b aptMessageFunc
0012c144 00000004 b aptMessageFuncData
0012c148 0000000c b aptEvents
0012c154 00000001 b aptHomeButtonState
0012c158 00000008 b aptSleepEvent
0012c160 00001000 b aptParameters
0012d160 00000004 b aptRefCount
0012d164 00000004 b aptEventHandlerThread
0012d168 00000001 b flagInit.7784
0012d169 00000001 b flagValue.7785
0012d16c 00000004 b amRefCount
0012d170 00000004 b amHandle
0012d174 00000001 b gspRunEvents
0012d178 00000004 b gspEvent
0012d17c 00000004 b gspEventData
0012d180 0000001c b gspEventCb
0012d19c 00000007 b gspEventCbOneShot
0012d1a4 0000001c b gspEventCbData
0012d1c0 00000038 b gspEvents
0012d1f8 0000001c b gspEventCounts
0012d214 00000004 b gspRefCount
0012d218 00000004 b gspEventThread
0012d21c 00000004 b cfguRefCount
0012d220 00000004 b cfguHandle
0012d224 00000004 b irrstRefCount
0012d228 00000004 b kHeld
0012d22c 00000004 b csPos
0012d230 00000004 b swkbdSharedMem
0012d234 00000004 b swkbdSharedMemHandle
0012d238 b saved_stack
0012d240 00000008 b sLinearPool
0012d248 0000000c b sAddrMap
0012d254 00000008 b sMappablePool
0012d25c 0000000c b sAddrMap
0012d268 00000008 b sVramPool
0012d270 0000000c b sAddrMap
0012d27c 00000004 b srvRefCount
0012d280 00000004 b srvHandle
0012d284 00000001 V __ctru_speedup
0012d288 00000004 b arbiter
0012d28c 00000004 b ptmSysmRefCount
0012d290 00000004 b ptmSysmHandle
0012d294 00000004 V __ctru_heap_size
0012d298 00000008 b sdmcArchive
0012d2a0 00000001 b sdmcInitialised
0012d2a1 b completed.7620
0012d2a4 b object.7625
0012d2bc 00000028 B __malloc_current_mallinfo
0012d2e4 00000004 B __malloc_max_sbrked_mem
0012d2e8 00000004 B __malloc_max_total_mem
0012d2ec 00000004 B __malloc_top_pad
0012d2f0 00000004 b heap_start.6927
0012d2f4 00000004 B fake_heap_end
0012d2f8 00000004 B fake_heap_start
0012d2fc 00001000 b temp_cwd
0012e2fc 00000038 B __syscalls
0012e334 00000008 B gfxBottomFramebuffers
0012e33c 00000004 B gspSharedMemHandle
0012e340 0000001c B bottomFramebufferInfo
0012e35c 00000004 B gspEvent
0012e360 00000008 B gfxTopLeftFramebuffers
0012e368 00000008 B gfxTopRightFramebuffers
0012e370 0000001c B topFramebufferInfo
0012e38c 00000001 B gfxThreadID
0012e390 00000004 B gfxSharedMemory
0012e394 00000004 B gfxTopFramebufferMaxSize
0012e398 00000004 B gfxBottomFramebufferMaxSize
0012e39c 0000004c B currentCopy
0012e3e8 00000004 B gxCmdBuf
0012e3ec 00000004 B hidMemHandle
0012e3f0 00000004 B hidHandle
0012e3f4 00000004 B hidSharedMem
0012e3f8 00000014 B hidEvents
0012e40c 00000004 B gspGpuHandle
0012e410 00000004 B irrstHandle
0012e414 00000004 B irrstEvent
0012e418 00000004 B irrstMemHandle
0012e41c 00000004 B irrstSharedMem
0012e420 00000004 B __system_argv
0012e424 00000004 B __system_argc
0012e428 00000004 B __system_retAddr
0012e42c 00000004 B __ctru_linear_heap
0012e430 00000004 B __ctru_heap
0012e434 B __tls_start
00131840 B __bss_end__
00131840 A __end__
00131840 B __tls_end
